<?xml version="1.0" ?>
<coverage version="7.11.0" timestamp="1761000061009" lines-valid="11" lines-covered="9" line-rate="0.8182" branches-valid="0" branches-covered="0" branch-rate="1" complexity="0">
	<!-- Generated by coverage.py: https://coverage.readthedocs.io/en/7.11.0 -->
	<!-- Based on https://raw.githubusercontent.com/cobertura/web/master/htdocs/xml/coverage-04.dtd -->
	<sources>
		<source>/Users/anand.rao/repos/bolttest</source>
	</sources>
	<packages>
		<package name="." line-rate="0.8182" branch-rate="1" complexity="0">
			<classes>
				<class name="example_usage.py" filename="example_usage.py" complexity="0" line-rate="0.8182" branch-rate="1">
					<methods/>
					<lines>
						<line number="7" hits="1"/>
						<line number="8" hits="1"/>
						<line number="9" hits="1"/>
						<line number="12" hits="1"/>
						<line number="15" hits="1"/>
						<line number="21" hits="1"/>
						<line number="26" hits="1"/>
						<line number="27" hits="1"/>
						<line number="29" hits="1"/>
						<line number="36" hits="0"/>
						<line number="37" hits="0"/>
					</lines>
				</class>
			</classes>
		</package>
	</packages>
</coverage>
